<?xml version="1.0" encoding="UTF-8"?>
<testng-results skipped="0" failed="0" total="1" passed="1">
  <reporter-output>
  </reporter-output>
  <suite name="Command line suite" duration-ms="8207" started-at="2020-03-02T10:50:56Z" finished-at="2020-03-02T10:51:05Z">
    <groups>
    </groups>
    <test name="Command line test" duration-ms="8207" started-at="2020-03-02T10:50:56Z" finished-at="2020-03-02T10:51:05Z">
      <class name="facebooktest.Testcase">
        <test-method status="PASS" signature="testCase()[pri:0, instance:facebooktest.Testcase@73f792cf]" name="testCase" duration-ms="8195" started-at="2020-03-02T16:20:56Z" finished-at="2020-03-02T16:21:05Z">
          <reporter-output>
          </reporter-output>
        </test-method> <!-- testCase -->
      </class> <!-- facebooktest.Testcase -->
      <class name="facebooktest.TestBase">
        <test-method status="PASS" signature="initialize()[pri:0, instance:facebooktest.TestBase@7a5d012c]" name="initialize" is-config="true" duration-ms="13178" started-at="2020-03-02T16:20:43Z" finished-at="2020-03-02T16:20:56Z">
          <reporter-output>
          </reporter-output>
        </test-method> <!-- initialize -->
      </class> <!-- facebooktest.TestBase -->
    </test> <!-- Command line test -->
  </suite> <!-- Command line suite -->
</testng-results>
